0 verbose cli D:\Software\nodejs\node.exe D:\Software\nodejs\node_modules\npm\bin\npm-cli.js
1 info using npm@10.9.0
2 info using node@v22.10.0
3 silly config load:file:D:\Software\nodejs\node_modules\npm\npmrc
4 silly config load:file:C:\Users\67027\.npmrc
5 silly config load:file:D:\Project\Git\dhlektor\path\etc\npmrc
6 verbose title npm install glob@latest
7 verbose argv "install" "--global" "glob@latest"
8 verbose logfile logs-max:10 dir:D:\Project\Git\dhlektor\“path”\_logs\2024-12-11T14_05_28_202Z-
9 verbose logfile D:\Project\Git\dhlektor\“path”\_logs\2024-12-11T14_05_28_202Z-debug-0.log
10 silly packumentCache heap:4345298944 maxSize:1086324736 maxEntrySize:543162368
11 silly logfile done cleaning log files
12 silly packumentCache corgi:https://registry.npmmirror.com/glob cache-miss
13 http fetch GET 200 https://registry.npmmirror.com/glob 147ms (cache miss)
14 silly packumentCache corgi:https://registry.npmmirror.com/glob set size:42312 disposed:false
15 silly idealTree buildDeps
16 silly fetch manifest glob@11.0.0
17 silly packumentCache full:https://registry.npmmirror.com/glob cache-miss
18 http fetch GET 200 https://registry.npmmirror.com/glob 67ms (cache miss)
19 silly packumentCache full:https://registry.npmmirror.com/glob set size:81418 disposed:false
20 silly placeDep ROOT glob@11.0.0 OK for:  want: 11.0.0
21 silly fetch manifest foreground-child@^3.1.0
22 silly packumentCache full:https://registry.npmmirror.com/foreground-child cache-miss
23 silly fetch manifest jackspeak@^4.0.1
24 silly packumentCache full:https://registry.npmmirror.com/jackspeak cache-miss
25 silly fetch manifest minimatch@^10.0.0
26 silly packumentCache full:https://registry.npmmirror.com/minimatch cache-miss
27 silly fetch manifest minipass@^7.1.2
28 silly packumentCache full:https://registry.npmmirror.com/minipass cache-miss
29 silly fetch manifest package-json-from-dist@^1.0.0
30 silly packumentCache full:https://registry.npmmirror.com/package-json-from-dist cache-miss
31 silly fetch manifest path-scurry@^2.0.0
32 silly packumentCache full:https://registry.npmmirror.com/path-scurry cache-miss
33 http fetch GET 200 https://registry.npmmirror.com/foreground-child 27ms (cache miss)
34 silly packumentCache full:https://registry.npmmirror.com/foreground-child set size:13200 disposed:false
35 http fetch GET 200 https://registry.npmmirror.com/package-json-from-dist 78ms (cache miss)
36 silly packumentCache full:https://registry.npmmirror.com/package-json-from-dist set size:3058 disposed:false
37 http fetch GET 200 https://registry.npmmirror.com/minipass 101ms (cache miss)
38 silly packumentCache full:https://registry.npmmirror.com/minipass set size:57000 disposed:false
39 http fetch GET 200 https://registry.npmmirror.com/jackspeak 107ms (cache miss)
40 silly packumentCache full:https://registry.npmmirror.com/jackspeak set size:44611 disposed:false
41 http fetch GET 200 https://registry.npmmirror.com/path-scurry 121ms (cache miss)
42 silly packumentCache full:https://registry.npmmirror.com/path-scurry set size:30652 disposed:false
43 http fetch GET 200 https://registry.npmmirror.com/minimatch 125ms (cache miss)
44 silly packumentCache full:https://registry.npmmirror.com/minimatch set size:81000 disposed:false
45 silly placeDep node_modules/glob foreground-child@3.3.0 OK for: glob@11.0.0 want: ^3.1.0
46 silly placeDep node_modules/glob jackspeak@4.0.2 OK for: glob@11.0.0 want: ^4.0.1
47 silly placeDep node_modules/glob minimatch@10.0.1 OK for: glob@11.0.0 want: ^10.0.0
48 silly placeDep node_modules/glob minipass@7.1.2 OK for: glob@11.0.0 want: ^7.1.2
49 silly placeDep node_modules/glob package-json-from-dist@1.0.1 OK for: glob@11.0.0 want: ^1.0.0
50 silly placeDep node_modules/glob path-scurry@2.0.0 OK for: glob@11.0.0 want: ^2.0.0
51 silly fetch manifest cross-spawn@^7.0.0
52 silly packumentCache full:https://registry.npmmirror.com/cross-spawn cache-miss
53 silly fetch manifest signal-exit@^4.0.1
54 silly packumentCache full:https://registry.npmmirror.com/signal-exit cache-miss
55 silly fetch manifest @isaacs/cliui@^8.0.2
56 silly packumentCache full:https://registry.npmmirror.com/@isaacs%2fcliui cache-miss
57 silly fetch manifest brace-expansion@^2.0.1
58 silly packumentCache full:https://registry.npmmirror.com/brace-expansion cache-miss
59 silly fetch manifest lru-cache@^11.0.0
60 silly packumentCache full:https://registry.npmmirror.com/lru-cache cache-miss
61 http fetch GET 200 https://registry.npmmirror.com/@isaacs%2fcliui 112ms (cache miss)
62 silly packumentCache full:https://registry.npmmirror.com/@isaacs%2fcliui set size:3852 disposed:false
63 http fetch GET 200 https://registry.npmmirror.com/signal-exit 114ms (cache miss)
64 silly packumentCache full:https://registry.npmmirror.com/signal-exit set size:12848 disposed:false
65 http fetch GET 200 https://registry.npmmirror.com/brace-expansion 115ms (cache miss)
66 silly packumentCache full:https://registry.npmmirror.com/brace-expansion set size:8431 disposed:false
67 http fetch GET 200 https://registry.npmmirror.com/lru-cache 131ms (cache miss)
68 silly packumentCache full:https://registry.npmmirror.com/lru-cache set size:96681 disposed:false
69 http fetch GET 200 https://registry.npmmirror.com/cross-spawn 156ms (cache miss)
70 silly packumentCache full:https://registry.npmmirror.com/cross-spawn set size:19398 disposed:false
71 silly placeDep node_modules/glob cross-spawn@7.0.6 OK for: foreground-child@3.3.0 want: ^7.0.0
72 silly placeDep node_modules/glob signal-exit@4.1.0 OK for: foreground-child@3.3.0 want: ^4.0.1
73 silly fetch manifest path-key@^3.1.0
74 silly packumentCache full:https://registry.npmmirror.com/path-key cache-miss
75 silly fetch manifest shebang-command@^2.0.0
76 silly packumentCache full:https://registry.npmmirror.com/shebang-command cache-miss
77 silly fetch manifest which@^2.0.1
78 silly packumentCache full:https://registry.npmmirror.com/which cache-miss
79 http fetch GET 200 https://registry.npmmirror.com/which 25ms (cache miss)
80 silly packumentCache full:https://registry.npmmirror.com/which set size:13374 disposed:false
81 http fetch GET 200 https://registry.npmmirror.com/shebang-command 89ms (cache miss)
82 silly packumentCache full:https://registry.npmmirror.com/shebang-command set size:2106 disposed:false
83 http fetch GET 200 https://registry.npmmirror.com/path-key 107ms (cache revalidated)
84 silly packumentCache full:https://registry.npmmirror.com/path-key set size:13005 disposed:false
85 silly placeDep node_modules/glob path-key@3.1.1 OK for: cross-spawn@7.0.6 want: ^3.1.0
86 silly placeDep node_modules/glob shebang-command@2.0.0 OK for: cross-spawn@7.0.6 want: ^2.0.0
87 silly placeDep node_modules/glob which@2.0.2 OK for: cross-spawn@7.0.6 want: ^2.0.1
88 silly fetch manifest shebang-regex@^3.0.0
89 silly packumentCache full:https://registry.npmmirror.com/shebang-regex cache-miss
90 silly fetch manifest isexe@^2.0.0
91 silly packumentCache full:https://registry.npmmirror.com/isexe cache-miss
92 http fetch GET 200 https://registry.npmmirror.com/isexe 86ms (cache revalidated)
93 silly packumentCache full:https://registry.npmmirror.com/isexe set size:19681 disposed:false
94 http fetch GET 200 https://registry.npmmirror.com/shebang-regex 91ms (cache miss)
95 silly packumentCache full:https://registry.npmmirror.com/shebang-regex set size:2417 disposed:false
96 silly placeDep node_modules/glob @isaacs/cliui@8.0.2 OK for: jackspeak@4.0.2 want: ^8.0.2
97 silly fetch manifest string-width@^5.1.2
98 silly packumentCache full:https://registry.npmmirror.com/string-width cache-miss
99 silly fetch manifest string-width-cjs@npm:string-width@^4.2.0
100 silly packumentCache full:https://registry.npmmirror.com/string-width cache-miss
101 silly fetch manifest strip-ansi@^7.0.1
102 silly packumentCache full:https://registry.npmmirror.com/strip-ansi cache-miss
103 silly fetch manifest strip-ansi-cjs@npm:strip-ansi@^6.0.1
104 silly packumentCache full:https://registry.npmmirror.com/strip-ansi cache-miss
105 silly fetch manifest wrap-ansi@^8.1.0
106 silly packumentCache full:https://registry.npmmirror.com/wrap-ansi cache-miss
107 silly fetch manifest wrap-ansi-cjs@npm:wrap-ansi@^7.0.0
108 silly packumentCache full:https://registry.npmmirror.com/wrap-ansi cache-miss
109 http fetch GET 200 https://registry.npmmirror.com/wrap-ansi 39ms (cache miss)
110 silly packumentCache full:https://registry.npmmirror.com/wrap-ansi set size:9489 disposed:false
111 http fetch GET 200 https://registry.npmmirror.com/strip-ansi 60ms (cache miss)
112 silly packumentCache full:https://registry.npmmirror.com/strip-ansi set size:7440 disposed:false
113 http fetch GET 200 https://registry.npmmirror.com/string-width 64ms (cache miss)
114 silly packumentCache full:https://registry.npmmirror.com/string-width set size:11513 disposed:false
115 http fetch GET 200 https://registry.npmmirror.com/wrap-ansi 65ms (cache miss)
116 silly packumentCache full:https://registry.npmmirror.com/wrap-ansi set size:9489 disposed:false
117 silly packumentCache full:https://registry.npmmirror.com/wrap-ansi dispose
118 http fetch GET 200 https://registry.npmmirror.com/string-width 70ms (cache miss)
119 silly packumentCache full:https://registry.npmmirror.com/string-width set size:11513 disposed:false
120 silly packumentCache full:https://registry.npmmirror.com/string-width dispose
121 http fetch GET 200 https://registry.npmmirror.com/strip-ansi 71ms (cache miss)
122 silly packumentCache full:https://registry.npmmirror.com/strip-ansi set size:7440 disposed:false
123 silly packumentCache full:https://registry.npmmirror.com/strip-ansi dispose
124 silly placeDep node_modules/glob string-width@5.1.2 OK for: @isaacs/cliui@8.0.2 want: ^5.1.2
125 silly placeDep node_modules/glob string-width-cjs@4.2.3 OK for: @isaacs/cliui@8.0.2 want: npm:string-width@^4.2.0
126 silly placeDep node_modules/glob strip-ansi@7.1.0 OK for: @isaacs/cliui@8.0.2 want: ^7.0.1
127 silly placeDep node_modules/glob strip-ansi-cjs@6.0.1 OK for: @isaacs/cliui@8.0.2 want: npm:strip-ansi@^6.0.1
128 silly placeDep node_modules/glob wrap-ansi@8.1.0 OK for: @isaacs/cliui@8.0.2 want: ^8.1.0
129 silly placeDep node_modules/glob wrap-ansi-cjs@7.0.0 OK for: @isaacs/cliui@8.0.2 want: npm:wrap-ansi@^7.0.0
130 silly fetch manifest eastasianwidth@^0.2.0
131 silly packumentCache full:https://registry.npmmirror.com/eastasianwidth cache-miss
132 silly fetch manifest emoji-regex@^9.2.2
133 silly packumentCache full:https://registry.npmmirror.com/emoji-regex cache-miss
134 silly fetch manifest emoji-regex@^8.0.0
135 silly packumentCache full:https://registry.npmmirror.com/emoji-regex cache-miss
136 silly fetch manifest is-fullwidth-code-point@^3.0.0
137 silly packumentCache full:https://registry.npmmirror.com/is-fullwidth-code-point cache-miss
138 silly fetch manifest strip-ansi@^6.0.1
139 silly packumentCache full:https://registry.npmmirror.com/strip-ansi cache-hit
140 silly fetch manifest ansi-regex@^6.0.1
141 silly packumentCache full:https://registry.npmmirror.com/ansi-regex cache-miss
142 silly fetch manifest ansi-regex@^5.0.1
143 silly packumentCache full:https://registry.npmmirror.com/ansi-regex cache-miss
144 silly fetch manifest ansi-styles@^6.1.0
145 silly packumentCache full:https://registry.npmmirror.com/ansi-styles cache-miss
146 http fetch GET 200 https://registry.npmmirror.com/eastasianwidth 21ms (cache miss)
147 silly packumentCache full:https://registry.npmmirror.com/eastasianwidth set size:2598 disposed:false
148 silly fetch manifest ansi-styles@^4.0.0
149 silly packumentCache full:https://registry.npmmirror.com/ansi-styles cache-miss
150 http fetch GET 200 https://registry.npmmirror.com/emoji-regex 24ms (cache miss)
151 silly packumentCache full:https://registry.npmmirror.com/emoji-regex set size:16591 disposed:false
152 silly fetch manifest string-width@^4.1.0
153 silly packumentCache full:https://registry.npmmirror.com/string-width cache-hit
154 silly fetch manifest strip-ansi@^6.0.0
155 silly packumentCache full:https://registry.npmmirror.com/strip-ansi cache-hit
156 http fetch GET 200 https://registry.npmmirror.com/is-fullwidth-code-point 41ms (cache miss)
157 silly packumentCache full:https://registry.npmmirror.com/is-fullwidth-code-point set size:2919 disposed:false
158 http fetch GET 200 https://registry.npmmirror.com/ansi-regex 42ms (cache miss)
159 silly packumentCache full:https://registry.npmmirror.com/ansi-regex set size:8708 disposed:false
160 http fetch GET 200 https://registry.npmmirror.com/emoji-regex 46ms (cache miss)
161 silly packumentCache full:https://registry.npmmirror.com/emoji-regex set size:16591 disposed:false
162 silly packumentCache full:https://registry.npmmirror.com/emoji-regex dispose
163 http fetch GET 200 https://registry.npmmirror.com/ansi-regex 59ms (cache miss)
164 silly packumentCache full:https://registry.npmmirror.com/ansi-regex set size:8708 disposed:false
165 silly packumentCache full:https://registry.npmmirror.com/ansi-regex dispose
166 http fetch GET 200 https://registry.npmmirror.com/ansi-styles 38ms (cache revalidated)
167 silly packumentCache full:https://registry.npmmirror.com/ansi-styles set size:56535 disposed:false
168 http fetch GET 200 https://registry.npmmirror.com/ansi-styles 74ms (cache revalidated)
169 silly packumentCache full:https://registry.npmmirror.com/ansi-styles set size:56535 disposed:false
170 silly packumentCache full:https://registry.npmmirror.com/ansi-styles dispose
171 silly placeDep node_modules/glob brace-expansion@2.0.1 OK for: minimatch@10.0.1 want: ^2.0.1
172 silly fetch manifest balanced-match@^1.0.0
173 silly packumentCache full:https://registry.npmmirror.com/balanced-match cache-miss
174 http fetch GET 200 https://registry.npmmirror.com/balanced-match 29ms (cache miss)
175 silly packumentCache full:https://registry.npmmirror.com/balanced-match set size:6837 disposed:false
176 silly placeDep node_modules/glob balanced-match@1.0.2 OK for: brace-expansion@2.0.1 want: ^1.0.0
177 silly placeDep node_modules/glob lru-cache@11.0.2 OK for: path-scurry@2.0.0 want: ^11.0.0
178 silly placeDep node_modules/glob shebang-regex@3.0.0 OK for: shebang-command@2.0.0 want: ^3.0.0
179 silly placeDep node_modules/glob eastasianwidth@0.2.0 OK for: string-width@5.1.2 want: ^0.2.0
180 silly placeDep node_modules/glob emoji-regex@9.2.2 OK for: string-width@5.1.2 want: ^9.2.2
181 silly placeDep node_modules/glob/node_modules/string-width-cjs emoji-regex@8.0.0 OK for: string-width@4.2.3 want: ^8.0.0
182 silly placeDep node_modules/glob is-fullwidth-code-point@3.0.0 OK for: string-width@4.2.3 want: ^3.0.0
183 silly placeDep node_modules/glob/node_modules/string-width-cjs strip-ansi@6.0.1 OK for: string-width@4.2.3 want: ^6.0.1
184 silly placeDep node_modules/glob ansi-regex@6.1.0 OK for: strip-ansi@7.1.0 want: ^6.0.1
185 silly placeDep node_modules/glob/node_modules/strip-ansi-cjs ansi-regex@5.0.1 OK for: strip-ansi@6.0.1 want: ^5.0.1
186 silly placeDep node_modules/glob isexe@2.0.0 OK for: which@2.0.2 want: ^2.0.0
187 silly placeDep node_modules/glob ansi-styles@6.2.1 OK for: wrap-ansi@8.1.0 want: ^6.1.0
188 silly placeDep node_modules/glob/node_modules/wrap-ansi-cjs ansi-styles@4.3.0 OK for: wrap-ansi@7.0.0 want: ^4.0.0
189 silly placeDep node_modules/glob/node_modules/wrap-ansi-cjs string-width@4.2.3 OK for: wrap-ansi@7.0.0 want: ^4.1.0
190 silly placeDep node_modules/glob/node_modules/wrap-ansi-cjs strip-ansi@6.0.1 OK for: wrap-ansi@7.0.0 want: ^6.0.0
191 silly fetch manifest color-convert@^2.0.1
192 silly packumentCache full:https://registry.npmmirror.com/color-convert cache-miss
193 http fetch GET 200 https://registry.npmmirror.com/color-convert 76ms (cache miss)
194 silly packumentCache full:https://registry.npmmirror.com/color-convert set size:11245 disposed:false
195 silly placeDep node_modules/glob/node_modules/string-width-cjs ansi-regex@5.0.1 OK for: strip-ansi@6.0.1 want: ^5.0.1
196 silly placeDep node_modules/glob color-convert@2.0.1 OK for: ansi-styles@4.3.0 want: ^2.0.1
197 silly fetch manifest color-name@~1.1.4
198 silly packumentCache full:https://registry.npmmirror.com/color-name cache-miss
199 http fetch GET 200 https://registry.npmmirror.com/color-name 80ms (cache miss)
200 silly packumentCache full:https://registry.npmmirror.com/color-name set size:4450 disposed:false
201 silly placeDep node_modules/glob color-name@1.1.4 OK for: color-convert@2.0.1 want: ~1.1.4
202 silly placeDep node_modules/glob/node_modules/wrap-ansi-cjs emoji-regex@8.0.0 OK for: string-width@4.2.3 want: ^8.0.0
203 silly placeDep node_modules/glob/node_modules/wrap-ansi-cjs ansi-regex@5.0.1 OK for: strip-ansi@6.0.1 want: ^5.0.1
204 silly reify moves {}
205 silly tarball no local data for glob@https://registry.npmmirror.com/glob/-/glob-11.0.0.tgz. Extracting by manifest.
206 silly tarball no local data for ansi-regex@https://registry.npmmirror.com/ansi-regex/-/ansi-regex-6.1.0.tgz. Extracting by manifest.
207 silly tarball no local data for lru-cache@https://registry.npmmirror.com/lru-cache/-/lru-cache-11.0.2.tgz. Extracting by manifest.
208 silly tarball no local data for path-scurry@https://registry.npmmirror.com/path-scurry/-/path-scurry-2.0.0.tgz. Extracting by manifest.
209 silly tarball no local data for package-json-from-dist@https://registry.npmmirror.com/package-json-from-dist/-/package-json-from-dist-1.0.1.tgz. Extracting by manifest.
210 silly tarball no local data for jackspeak@https://registry.npmmirror.com/jackspeak/-/jackspeak-4.0.2.tgz. Extracting by manifest.
211 silly tarball no local data for minimatch@https://registry.npmmirror.com/minimatch/-/minimatch-10.0.1.tgz. Extracting by manifest.
212 silly tarball no local data for foreground-child@https://registry.npmmirror.com/foreground-child/-/foreground-child-3.3.0.tgz. Extracting by manifest.
213 http fetch GET 200 https://cdn.npmmirror.com/packages/package-json-from-dist/1.0.1/package-json-from-dist-1.0.1.tgz 202ms (cache miss)
214 http fetch GET 200 https://cdn.npmmirror.com/packages/ansi-regex/6.1.0/ansi-regex-6.1.0.tgz 206ms (cache miss)
215 http fetch GET 200 https://cdn.npmmirror.com/packages/jackspeak/4.0.2/jackspeak-4.0.2.tgz 276ms (cache miss)
216 http fetch GET 200 https://cdn.npmmirror.com/packages/foreground-child/3.3.0/foreground-child-3.3.0.tgz 285ms (cache miss)
217 http fetch GET 200 https://cdn.npmmirror.com/packages/path-scurry/2.0.0/path-scurry-2.0.0.tgz 320ms (cache miss)
218 http fetch GET 200 https://cdn.npmmirror.com/packages/glob/11.0.0/glob-11.0.0.tgz 340ms (cache miss)
219 http fetch GET 200 https://cdn.npmmirror.com/packages/minimatch/10.0.1/minimatch-10.0.1.tgz 436ms (cache miss)
220 http fetch GET 200 https://cdn.npmmirror.com/packages/lru-cache/11.0.2/lru-cache-11.0.2.tgz 451ms (cache miss)
221 silly ADD node_modules/glob
222 silly ADD node_modules/glob/node_modules/color-name
223 silly ADD node_modules/glob/node_modules/color-convert
224 silly ADD node_modules/glob/node_modules/ansi-styles
225 silly ADD node_modules/glob/node_modules/isexe
226 silly ADD node_modules/glob/node_modules/ansi-regex
227 silly ADD node_modules/glob/node_modules/is-fullwidth-code-point
228 silly ADD node_modules/glob/node_modules/emoji-regex
229 silly ADD node_modules/glob/node_modules/eastasianwidth
230 silly ADD node_modules/glob/node_modules/shebang-regex
231 silly ADD node_modules/glob/node_modules/lru-cache
232 silly ADD node_modules/glob/node_modules/balanced-match
233 silly ADD node_modules/glob/node_modules/brace-expansion
234 silly ADD node_modules/glob/node_modules/wrap-ansi-cjs
235 silly ADD node_modules/glob/node_modules/wrap-ansi-cjs/node_modules/ansi-regex
236 silly ADD node_modules/glob/node_modules/wrap-ansi-cjs/node_modules/emoji-regex
237 silly ADD node_modules/glob/node_modules/wrap-ansi-cjs/node_modules/strip-ansi
238 silly ADD node_modules/glob/node_modules/wrap-ansi-cjs/node_modules/string-width
239 silly ADD node_modules/glob/node_modules/wrap-ansi-cjs/node_modules/ansi-styles
240 silly ADD node_modules/glob/node_modules/wrap-ansi
241 silly ADD node_modules/glob/node_modules/strip-ansi-cjs
242 silly ADD node_modules/glob/node_modules/strip-ansi-cjs/node_modules/ansi-regex
243 silly ADD node_modules/glob/node_modules/strip-ansi
244 silly ADD node_modules/glob/node_modules/string-width-cjs
245 silly ADD node_modules/glob/node_modules/string-width-cjs/node_modules/ansi-regex
246 silly ADD node_modules/glob/node_modules/string-width-cjs/node_modules/strip-ansi
247 silly ADD node_modules/glob/node_modules/string-width-cjs/node_modules/emoji-regex
248 silly ADD node_modules/glob/node_modules/string-width
249 silly ADD node_modules/glob/node_modules/@isaacs/cliui
250 silly ADD node_modules/glob/node_modules/which
251 silly ADD node_modules/glob/node_modules/shebang-command
252 silly ADD node_modules/glob/node_modules/path-key
253 silly ADD node_modules/glob/node_modules/signal-exit
254 silly ADD node_modules/glob/node_modules/cross-spawn
255 silly ADD node_modules/glob/node_modules/path-scurry
256 silly ADD node_modules/glob/node_modules/package-json-from-dist
257 silly ADD node_modules/glob/node_modules/minipass
258 silly ADD node_modules/glob/node_modules/minimatch
259 silly ADD node_modules/glob/node_modules/jackspeak
260 silly ADD node_modules/glob/node_modules/foreground-child
261 verbose cwd D:\Project\Git\dhlektor
262 verbose os Windows_NT 10.0.22631
263 verbose node v22.10.0
264 verbose npm  v10.9.0
265 verbose exit 0
266 info ok
